<?xml version="1.0" encoding="UTF-8"?>
<testng-results ignored="0" total="2" passed="2" failed="0" skipped="0">
  <reporter-output>
  </reporter-output>
  <suite started-at="2024-10-09T23:25:32 IST" name="Default suite" finished-at="2024-10-09T23:25:48 IST" duration-ms="15757">
    <groups>
    </groups>
    <test started-at="2024-10-09T23:25:32 IST" name="Default test" finished-at="2024-10-09T23:25:48 IST" duration-ms="15757">
      <class name="com.example.tests.LoginTest">
        <test-method is-config="true" signature="setup()[pri:0, instance:com.example.tests.LoginTest@53fdffa1]" started-at="2024-10-09T23:25:32 IST" name="setup" finished-at="2024-10-09T23:25:37 IST" duration-ms="4656" status="PASS">
          <reporter-output>
          </reporter-output>
        </test-method> <!-- setup -->
        <test-method signature="invalidLoginTest()[pri:0, instance:com.example.tests.LoginTest@53fdffa1]" started-at="2024-10-09T23:25:37 IST" name="invalidLoginTest" finished-at="2024-10-09T23:25:40 IST" duration-ms="2536" status="PASS">
          <reporter-output>
          </reporter-output>
        </test-method> <!-- invalidLoginTest -->
        <test-method is-config="true" signature="tearDown()[pri:0, instance:com.example.tests.LoginTest@53fdffa1]" started-at="2024-10-09T23:25:40 IST" name="tearDown" finished-at="2024-10-09T23:25:40 IST" duration-ms="225" status="PASS">
          <reporter-output>
          </reporter-output>
        </test-method> <!-- tearDown -->
        <test-method is-config="true" signature="setup()[pri:0, instance:com.example.tests.LoginTest@53fdffa1]" started-at="2024-10-09T23:25:40 IST" name="setup" finished-at="2024-10-09T23:25:42 IST" duration-ms="1756" status="PASS">
          <reporter-output>
          </reporter-output>
        </test-method> <!-- setup -->
        <test-method signature="validLoginTest()[pri:0, instance:com.example.tests.LoginTest@53fdffa1]" started-at="2024-10-09T23:25:42 IST" name="validLoginTest" finished-at="2024-10-09T23:25:47 IST" duration-ms="5947" status="PASS">
          <reporter-output>
          </reporter-output>
        </test-method> <!-- validLoginTest -->
        <test-method is-config="true" signature="tearDown()[pri:0, instance:com.example.tests.LoginTest@53fdffa1]" started-at="2024-10-09T23:25:47 IST" name="tearDown" finished-at="2024-10-09T23:25:48 IST" duration-ms="594" status="PASS">
          <reporter-output>
          </reporter-output>
        </test-method> <!-- tearDown -->
      </class> <!-- com.example.tests.LoginTest -->
    </test> <!-- Default test -->
  </suite> <!-- Default suite -->
</testng-results>
